# JRE version: OpenJDK Runtime Environment Temurin-17.0.4.1+1 (17.0.4.1+1) (build 17.0.4.1+1)
# Java VM: OpenJDK 64-Bit Server VM Temurin-17.0.4.1+1 (17.0.4.1+1, mixed mode, sharing, tiered, compressed oops, compressed class ptrs, g1 gc, windows-amd64)
GC Precious Log:
 CPUs: 4 total, 4 available
 Memory: 3895M
 Large Page Support: Disabled
 NUMA Support: Disabled
 Compressed Oops: Enabled (32-bit)
 Heap Region Size: 1M
 Heap Min Capacity: 8M
 Heap Initial Capacity: 62M
 Heap Max Capacity: 974M
 Pre-touch: Disabled
 Parallel Workers: 4
 Concurrent Workers: 1
 Concurrent Refinement Workers: 4
 Periodic GC: Disabled
Heap:
 garbage-first heap   total 220160K, used 79872K [0x00000000c3200000, 0x0000000100000000)
  region size 1024K, 35 young (35840K), 11 survivors (11264K)
 Metaspace       used 72223K, committed 72768K, reserved 1114112K
  class space    used 9363K, committed 9664K, reserved 1048576K
GC Heap History (20 events):
Event: 15.485 GC heap before
{Heap before GC invocations=26 (full 0):
 garbage-first heap   total 51200K, used 41552K [0x00000000c3200000, 0x0000000100000000)
  region size 1024K, 15 young (15360K), 2 survivors (2048K)
 Metaspace       used 66947K, committed 67392K, reserved 1114112K
  class space    used 8760K, committed 8960K, reserved 1048576K
}
Event: 15.490 GC heap after
{Heap after GC invocations=27 (full 0):
 garbage-first heap   total 51200K, used 29502K [0x00000000c3200000, 0x0000000100000000)
  region size 1024K, 2 young (2048K), 2 survivors (2048K)
 Metaspace       used 66947K, committed 67392K, reserved 1114112K
  class space    used 8760K, committed 8960K, reserved 1048576K
}
Event: 15.821 GC heap before
{Heap before GC invocations=28 (full 0):
 garbage-first heap   total 56320K, used 40766K [0x00000000c3200000, 0x0000000100000000)
  region size 1024K, 13 young (13312K), 2 survivors (2048K)
 Metaspace       used 67581K, committed 68032K, reserved 1114112K
  class space    used 8837K, committed 9024K, reserved 1048576K
}
Event: 15.824 GC heap after
{Heap after GC invocations=29 (full 0):
 garbage-first heap   total 56320K, used 30416K [0x00000000c3200000, 0x0000000100000000)
  region size 1024K, 1 young (1024K), 1 survivors (1024K)
 Metaspace       used 67581K, committed 68032K, reserved 1114112K
  class space    used 8837K, committed 9024K, reserved 1048576K
}
Event: 16.282 GC heap before
{Heap before GC invocations=29 (full 0):
 garbage-first heap   total 56320K, used 45776K [0x00000000c3200000, 0x0000000100000000)
  region size 1024K, 16 young (16384K), 1 survivors (1024K)
 Metaspace       used 69870K, committed 70336K, reserved 1114112K
  class space    used 9136K, committed 9344K, reserved 1048576K
}
Event: 16.290 GC heap after
{Heap after GC invocations=30 (full 0):
 garbage-first heap   total 56320K, used 31872K [0x00000000c3200000, 0x0000000100000000)
  region size 1024K, 2 young (2048K), 2 survivors (2048K)
 Metaspace       used 69870K, committed 70336K, reserved 1114112K
  class space    used 9136K, committed 9344K, reserved 1048576K
}
Event: 16.636 GC heap before
{Heap before GC invocations=31 (full 0):
 garbage-first heap   total 56320K, used 39040K [0x00000000c3200000, 0x0000000100000000)
  region size 1024K, 10 young (10240K), 2 survivors (2048K)
 Metaspace       used 70912K, committed 71360K, reserved 1114112K
  class space    used 9248K, committed 9472K, reserved 1048576K
}
Event: 16.640 GC heap after
{Heap after GC invocations=32 (full 0):
 garbage-first heap   total 56320K, used 32818K [0x00000000c3200000, 0x0000000100000000)
  region size 1024K, 1 young (1024K), 1 survivors (1024K)
 Metaspace       used 70912K, committed 71360K, reserved 1114112K
  class space    used 9248K, committed 9472K, reserved 1048576K
}
Event: 16.757 GC heap before
{Heap before GC invocations=33 (full 0):
 garbage-first heap   total 68608K, used 45106K [0x00000000c3200000, 0x0000000100000000)
  region size 1024K, 13 young (13312K), 1 survivors (1024K)
 Metaspace       used 70966K, committed 71488K, reserved 1114112K
  class space    used 9248K, committed 9472K, reserved 1048576K
}
Event: 16.761 GC heap after
{Heap after GC invocations=34 (full 0):
 garbage-first heap   total 68608K, used 36477K [0x00000000c3200000, 0x0000000100000000)
  region size 1024K, 2 young (2048K), 2 survivors (2048K)
 Metaspace       used 70966K, committed 71488K, reserved 1114112K
  class space    used 9248K, committed 9472K, reserved 1048576K
}
Event: 17.009 GC heap before
{Heap before GC invocations=34 (full 0):
 garbage-first heap   total 68608K, used 52861K [0x00000000c3200000, 0x0000000100000000)
  region size 1024K, 19 young (19456K), 2 survivors (2048K)
 Metaspace       used 71023K, committed 71488K, reserved 1114112K
  class space    used 9251K, committed 9472K, reserved 1048576K
}
Event: 17.015 GC heap after
{Heap after GC invocations=35 (full 0):
 garbage-first heap   total 68608K, used 39206K [0x00000000c3200000, 0x0000000100000000)
  region size 1024K, 3 young (3072K), 3 survivors (3072K)
 Metaspace       used 71023K, committed 71488K, reserved 1114112K
  class space    used 9251K, committed 9472K, reserved 1048576K
}
Event: 17.260 GC heap before
{Heap before GC invocations=36 (full 0):
 garbage-first heap   total 73728K, used 49446K [0x00000000c3200000, 0x0000000100000000)
  region size 1024K, 14 young (14336K), 3 survivors (3072K)
 Metaspace       used 71151K, committed 71680K, reserved 1114112K
  class space    used 9262K, committed 9472K, reserved 1048576K
}
Event: 17.268 GC heap after
{Heap after GC invocations=37 (full 0):
 garbage-first heap   total 73728K, used 43000K [0x00000000c3200000, 0x0000000100000000)
  region size 1024K, 3 young (3072K), 3 survivors (3072K)
 Metaspace       used 71151K, committed 71680K, reserved 1114112K
  class space    used 9262K, committed 9472K, reserved 1048576K
}
Event: 17.366 GC heap before
{Heap before GC invocations=38 (full 0):
 garbage-first heap   total 89088K, used 57336K [0x00000000c3200000, 0x0000000100000000)
  region size 1024K, 16 young (16384K), 3 survivors (3072K)
 Metaspace       used 71189K, committed 71680K, reserved 1114112K
  class space    used 9262K, committed 9472K, reserved 1048576K
}
Event: 17.370 GC heap after
{Heap after GC invocations=39 (full 0):
 garbage-first heap   total 89088K, used 46240K [0x00000000c3200000, 0x0000000100000000)
  region size 1024K, 2 young (2048K), 2 survivors (2048K)
 Metaspace       used 71189K, committed 71680K, reserved 1114112K
  class space    used 9262K, committed 9472K, reserved 1048576K
}
Event: 17.375 GC heap before
{Heap before GC invocations=39 (full 0):
 garbage-first heap   total 89088K, used 48288K [0x00000000c3200000, 0x0000000100000000)
  region size 1024K, 4 young (4096K), 2 survivors (2048K)
 Metaspace       used 71194K, committed 71680K, reserved 1114112K
  class space    used 9262K, committed 9472K, reserved 1048576K
}
Event: 17.378 GC heap after
{Heap after GC invocations=40 (full 0):
 garbage-first heap   total 220160K, used 46408K [0x00000000c3200000, 0x0000000100000000)
  region size 1024K, 1 young (1024K), 1 survivors (1024K)
 Metaspace       used 71194K, committed 71680K, reserved 1114112K
  class space    used 9262K, committed 9472K, reserved 1048576K
}
Event: 17.910 GC heap before
{Heap before GC invocations=40 (full 0):
 garbage-first heap   total 220160K, used 136520K [0x00000000c3200000, 0x0000000100000000)
  region size 1024K, 88 young (90112K), 1 survivors (1024K)
 Metaspace       used 71351K, committed 71808K, reserved 1114112K
  class space    used 9264K, committed 9472K, reserved 1048576K
}
Event: 17.921 GC heap after
{Heap after GC invocations=41 (full 0):
 garbage-first heap   total 220160K, used 57344K [0x00000000c3200000, 0x0000000100000000)
  region size 1024K, 11 young (11264K), 11 survivors (11264K)
 Metaspace       used 71351K, committed 71808K, reserved 1114112K
  class space    used 9264K, committed 9472K, reserved 1048576K
}

